COMMAND PID USER   FD      TYPE DEVICE SIZE/OFF NODE NAME
netns     6 root  cwd       DIR    8,1     4096    2 /
netns     6 root  rtd       DIR    8,1     4096    2 /
netns     6 root  txt   unknown                      /proc/6/exe
=======
COMMAND PID USER   FD      TYPE DEVICE SIZE/OFF NODE NAME
netns     6 root  cwd       DIR    8,1     4096    2 /
netns     6 root  rtd       DIR    8,1     4096    2 /
netns     6 root  txt   unknown                      /proc/6/exe
=======
COMMAND PID USER   FD      TYPE DEVICE SIZE/OFF NODE NAME
netns     6 root  cwd       DIR    8,1     4096    2 /
netns     6 root  rtd       DIR    8,1     4096    2 /
netns     6 root  txt   unknown                      /proc/6/exe
=======
COMMAND PID USER   FD      TYPE DEVICE SIZE/OFF NODE NAME
netns     6 root  cwd       DIR    8,1     4096    2 /
netns     6 root  rtd       DIR    8,1     4096    2 /
netns     6 root  txt   unknown                      /proc/6/exe
=======
COMMAND PID USER   FD      TYPE DEVICE SIZE/OFF NODE NAME
netns     6 root  cwd       DIR    8,1     4096    2 /
netns     6 root  rtd       DIR    8,1     4096    2 /
netns     6 root  txt   unknown                      /proc/6/exe
=======
COMMAND PID USER   FD      TYPE DEVICE SIZE/OFF NODE NAME
netns     6 root  cwd       DIR    8,1     4096    2 /
netns     6 root  rtd       DIR    8,1     4096    2 /
netns     6 root  txt   unknown                      /proc/6/exe
=======
COMMAND PID USER   FD      TYPE DEVICE SIZE/OFF NODE NAME
netns     6 root  cwd       DIR    8,1     4096    2 /
netns     6 root  rtd       DIR    8,1     4096    2 /
netns     6 root  txt   unknown                      /proc/6/exe
=======
COMMAND PID USER   FD      TYPE DEVICE SIZE/OFF NODE NAME
netns     6 root  cwd       DIR    8,1     4096    2 /
netns     6 root  rtd       DIR    8,1     4096    2 /
netns     6 root  txt   unknown                      /proc/6/exe
=======
COMMAND PID USER   FD      TYPE DEVICE SIZE/OFF NODE NAME
netns     6 root  cwd       DIR    8,1     4096    2 /
netns     6 root  rtd       DIR    8,1     4096    2 /
netns     6 root  txt   unknown                      /proc/6/exe
=======
COMMAND PID USER   FD      TYPE DEVICE SIZE/OFF NODE NAME
netns     6 root  cwd       DIR    8,1     4096    2 /
netns     6 root  rtd       DIR    8,1     4096    2 /
netns     6 root  txt   unknown                      /proc/6/exe
=======
